This is pdfTeX, Version 3.14159265-2.6-1.40.16 (TeX Live 2015/Debian) (preloaded format=pdflatex 2018.1.26)  26 JAN 2018 15:32
entering extended mode
 restricted \write18 enabled.
 %&-line parsing enabled.
**Analysis_report.tex
(./Analysis_report.tex
LaTeX2e <2016/02/01>
Babel <3.9q> and hyphenation patterns for 81 language(s) loaded.
(/usr/share/texlive/texmf-dist/tex/latex/base/report.cls
Document Class: report 2014/09/29 v1.4h Standard LaTeX document class
(/usr/share/texlive/texmf-dist/tex/latex/base/size10.clo
File: size10.clo 2014/09/29 v1.4h Standard LaTeX file (size option)
)
\c@part=\count79
\c@chapter=\count80
\c@section=\count81
\c@subsection=\count82
\c@subsubsection=\count83
\c@paragraph=\count84
\c@subparagraph=\count85
\c@figure=\count86
\c@table=\count87
\abovecaptionskip=\skip41
\belowcaptionskip=\skip42
\bibindent=\dimen102
)
(/usr/share/texlive/texmf-dist/tex/generic/systeme/systeme.sty
(/usr/share/texlive/texmf-dist/tex/generic/xstring/xstring.sty
(/usr/share/texlive/texmf-dist/tex/generic/xstring/xstring.tex
\@xs@message=\write3
\integerpart=\count88
\decimalpart=\count89
)
Package: xstring 2013/10/13  v1.7c  String manipulations (C Tellechea)
)
(/usr/share/texlive/texmf-dist/tex/generic/systeme/systeme.tex
\SYS@systemecode=\toks14
\SYS@systempreamble=\toks15
\SYSeqnum=\count90
)
Package: systeme 2013/12/21 v0.3 Mise en forme de systemes d'equations
)
(/usr/share/texlive/texmf-dist/tex/latex/mathtools/mathtools.sty
Package: mathtools 2015/11/12 v1.18 mathematical typesetting tools

(/usr/share/texlive/texmf-dist/tex/latex/graphics/keyval.sty
Package: keyval 2014/10/28 v1.15 key=value parser (DPC)
\KV@toks@=\toks16
)
(/usr/share/texlive/texmf-dist/tex/latex/tools/calc.sty
Package: calc 2014/10/28 v4.3 Infix arithmetic (KKT,FJ)
\calc@Acount=\count91
\calc@Bcount=\count92
\calc@Adimen=\dimen103
\calc@Bdimen=\dimen104
\calc@Askip=\skip43
\calc@Bskip=\skip44
LaTeX Info: Redefining \setlength on input line 80.
LaTeX Info: Redefining \addtolength on input line 81.
\calc@Ccount=\count93
\calc@Cskip=\skip45
)
(/usr/share/texlive/texmf-dist/tex/latex/mathtools/mhsetup.sty
Package: mhsetup 2010/01/21 v1.2a programming setup (MH)
)
(/usr/share/texlive/texmf-dist/tex/latex/amsmath/amsmath.sty
Package: amsmath 2016/03/03 v2.15a AMS math features
\@mathmargin=\skip46

For additional information on amsmath, use the `?' option.
(/usr/share/texlive/texmf-dist/tex/latex/amsmath/amstext.sty
Package: amstext 2000/06/29 v2.01 AMS text

(/usr/share/texlive/texmf-dist/tex/latex/amsmath/amsgen.sty
File: amsgen.sty 1999/11/30 v2.0 generic functions
\@emptytoks=\toks17
\ex@=\dimen105
))
(/usr/share/texlive/texmf-dist/tex/latex/amsmath/amsbsy.sty
Package: amsbsy 1999/11/29 v1.2d Bold Symbols
\pmbraise@=\dimen106
)
(/usr/share/texlive/texmf-dist/tex/latex/amsmath/amsopn.sty
Package: amsopn 1999/12/14 v2.01 operator names
)
\inf@bad=\count94
LaTeX Info: Redefining \frac on input line 199.
\uproot@=\count95
\leftroot@=\count96
LaTeX Info: Redefining \overline on input line 297.
\classnum@=\count97
\DOTSCASE@=\count98
LaTeX Info: Redefining \ldots on input line 394.
LaTeX Info: Redefining \dots on input line 397.
LaTeX Info: Redefining \cdots on input line 518.
\Mathstrutbox@=\box26
\strutbox@=\box27
\big@size=\dimen107
LaTeX Font Info:    Redeclaring font encoding OML on input line 630.
LaTeX Font Info:    Redeclaring font encoding OMS on input line 631.
\macc@depth=\count99
\c@MaxMatrixCols=\count100
\dotsspace@=\muskip10
\c@parentequation=\count101
\dspbrk@lvl=\count102
\tag@help=\toks18
\row@=\count103
\column@=\count104
\maxfields@=\count105
\andhelp@=\toks19
\eqnshift@=\dimen108
\alignsep@=\dimen109
\tagshift@=\dimen110
\tagwidth@=\dimen111
\totwidth@=\dimen112
\lineht@=\dimen113
\@envbody=\toks20
\multlinegap=\skip47
\multlinetaggap=\skip48
\mathdisplay@stack=\toks21
LaTeX Info: Redefining \[ on input line 2735.
LaTeX Info: Redefining \] on input line 2736.
)
LaTeX Info: Thecontrolsequence`\('isalreadyrobust on input line 129.
LaTeX Info: Thecontrolsequence`\)'isalreadyrobust on input line 129.
LaTeX Info: Thecontrolsequence`\['isalreadyrobust on input line 129.
LaTeX Info: Thecontrolsequence`\]'isalreadyrobust on input line 129.
\g_MT_multlinerow_int=\count106
\l_MT_multwidth_dim=\dimen114
\origjot=\skip49
\l_MT_shortvdotswithinadjustabove_dim=\dimen115
\l_MT_shortvdotswithinadjustbelow_dim=\dimen116
\l_MT_above_intertext_sep=\dimen117
\l_MT_below_intertext_sep=\dimen118
\l_MT_above_shortintertext_sep=\dimen119
\l_MT_below_shortintertext_sep=\dimen120
)
(/usr/share/texlive/texmf-dist/tex/latex/graphics/graphicx.sty
Package: graphicx 2014/10/28 v1.0g Enhanced LaTeX Graphics (DPC,SPQR)

(/usr/share/texlive/texmf-dist/tex/latex/graphics/graphics.sty
Package: graphics 2016/01/03 v1.0q Standard LaTeX Graphics (DPC,SPQR)

(/usr/share/texlive/texmf-dist/tex/latex/graphics/trig.sty
Package: trig 2016/01/03 v1.10 sin cos tan (DPC)
)
(/usr/share/texlive/texmf-dist/tex/latex/latexconfig/graphics.cfg
File: graphics.cfg 2010/04/23 v1.9 graphics configuration of TeX Live
)
Package graphics Info: Driver file: pdftex.def on input line 95.

(/usr/share/texlive/texmf-dist/tex/latex/pdftex-def/pdftex.def
File: pdftex.def 2011/05/27 v0.06d Graphics/color for pdfTeX

(/usr/share/texlive/texmf-dist/tex/generic/oberdiek/infwarerr.sty
Package: infwarerr 2010/04/08 v1.3 Providing info/warning/error messages (HO)
)
(/usr/share/texlive/texmf-dist/tex/generic/oberdiek/ltxcmds.sty
Package: ltxcmds 2011/11/09 v1.22 LaTeX kernel commands for general use (HO)
)
\Gread@gobject=\count107
))
\Gin@req@height=\dimen121
\Gin@req@width=\dimen122
)
(./Analysis_report.aux)
\openout1 = `Analysis_report.aux'.

LaTeX Font Info:    Checking defaults for OML/cmm/m/it on input line 8.
LaTeX Font Info:    ... okay on input line 8.
LaTeX Font Info:    Checking defaults for T1/cmr/m/n on input line 8.
LaTeX Font Info:    ... okay on input line 8.
LaTeX Font Info:    Checking defaults for OT1/cmr/m/n on input line 8.
LaTeX Font Info:    ... okay on input line 8.
LaTeX Font Info:    Checking defaults for OMS/cmsy/m/n on input line 8.
LaTeX Font Info:    ... okay on input line 8.
LaTeX Font Info:    Checking defaults for OMX/cmex/m/n on input line 8.
LaTeX Font Info:    ... okay on input line 8.
LaTeX Font Info:    Checking defaults for U/cmr/m/n on input line 8.
LaTeX Font Info:    ... okay on input line 8.

(/usr/share/texlive/texmf-dist/tex/context/base/supp-pdf.mkii
[Loading MPS to PDF converter (version 2006.09.02).]
\scratchcounter=\count108
\scratchdimen=\dimen123
\scratchbox=\box28
\nofMPsegments=\count109
\nofMParguments=\count110
\everyMPshowfont=\toks22
\MPscratchCnt=\count111
\MPscratchDim=\dimen124
\MPnumerator=\count112
\makeMPintoPDFobject=\count113
\everyMPtoPDFconversion=\toks23
) (/usr/share/texlive/texmf-dist/tex/generic/oberdiek/pdftexcmds.sty
Package: pdftexcmds 2011/11/29 v0.20 Utility functions of pdfTeX for LuaTeX (HO
)

(/usr/share/texlive/texmf-dist/tex/generic/oberdiek/ifluatex.sty
Package: ifluatex 2010/03/01 v1.3 Provides the ifluatex switch (HO)
Package ifluatex Info: LuaTeX not detected.
)
(/usr/share/texlive/texmf-dist/tex/generic/oberdiek/ifpdf.sty
Package: ifpdf 2011/01/30 v2.3 Provides the ifpdf switch (HO)
Package ifpdf Info: pdfTeX in PDF mode is detected.
)
Package pdftexcmds Info: LuaTeX not detected.
Package pdftexcmds Info: \pdf@primitive is available.
Package pdftexcmds Info: \pdf@ifprimitive is available.
Package pdftexcmds Info: \pdfdraftmode found.
)
(/usr/share/texlive/texmf-dist/tex/latex/oberdiek/epstopdf-base.sty
Package: epstopdf-base 2010/02/09 v2.5 Base part for package epstopdf

(/usr/share/texlive/texmf-dist/tex/latex/oberdiek/grfext.sty
Package: grfext 2010/08/19 v1.1 Manage graphics extensions (HO)

(/usr/share/texlive/texmf-dist/tex/generic/oberdiek/kvdefinekeys.sty
Package: kvdefinekeys 2011/04/07 v1.3 Define keys (HO)
))
(/usr/share/texlive/texmf-dist/tex/latex/oberdiek/kvoptions.sty
Package: kvoptions 2011/06/30 v3.11 Key value format for package options (HO)

(/usr/share/texlive/texmf-dist/tex/generic/oberdiek/kvsetkeys.sty
Package: kvsetkeys 2012/04/25 v1.16 Key value parser (HO)

(/usr/share/texlive/texmf-dist/tex/generic/oberdiek/etexcmds.sty
Package: etexcmds 2011/02/16 v1.5 Avoid name clashes with e-TeX commands (HO)
Package etexcmds Info: Could not find \expanded.
(etexcmds)             That can mean that you are not using pdfTeX 1.50 or
(etexcmds)             that some package has redefined \expanded.
(etexcmds)             In the latter case, load this package earlier.
)))
Package grfext Info: Graphics extension search list:
(grfext)             [.png,.pdf,.jpg,.mps,.jpeg,.jbig2,.jb2,.PNG,.PDF,.JPG,.JPE
G,.JBIG2,.JB2,.eps]
(grfext)             \AppendGraphicsExtensions on input line 452.

(/usr/share/texlive/texmf-dist/tex/latex/latexconfig/epstopdf-sys.cfg
File: epstopdf-sys.cfg 2010/07/13 v1.3 Configuration of (r)epstopdf for TeX Liv
e
))
[1

{/var/lib/texmf/fonts/map/pdftex/updmap/pdftex.map}]
Chapter 1.
[1

]
Chapter 2.
[2

]
Chapter 3.
<Figure/run2227-24Mg-TOFaligment-Jan18.pdf, id=16, 569.12625pt x 384.43625pt>
File: Figure/run2227-24Mg-TOFaligment-Jan18.pdf Graphic file (type pdf)

<use Figure/run2227-24Mg-TOFaligment-Jan18.pdf>
Package pdftex.def Info: Figure/run2227-24Mg-TOFaligment-Jan18.pdf used on inpu
t line 29.
(pdftex.def)             Requested size: 345.0pt x 233.051pt.

<Figure/run2227-24Mg-TOFaligment-peak-Jan18.pdf, id=17, 569.12625pt x 384.43625
pt>
File: Figure/run2227-24Mg-TOFaligment-peak-Jan18.pdf Graphic file (type pdf)
 <use Figure/run2227-24Mg-TOFaligment-peak-Jan18.pdf>
Package pdftex.def Info: Figure/run2227-24Mg-TOFaligment-peak-Jan18.pdf used on
 input line 30.
(pdftex.def)             Requested size: 345.0pt x 233.051pt.
 [3

] [4 <./Figure/run2227-24Mg-TOFaligment-Jan18.pdf, page is rotated 90 degrees> 
<./Figure/run2227-24Mg-TOFaligment-peak-Jan18.pdf, page is rotated 90 degrees>]

Underfull \hbox (badness 10000) in paragraph at lines 46--47

 []

<Figure/run2322-24Mg-pad1vstof.pdf, id=110, 569.12625pt x 384.43625pt>
File: Figure/run2322-24Mg-pad1vstof.pdf Graphic file (type pdf)

<use Figure/run2322-24Mg-pad1vstof.pdf>
Package pdftex.def Info: Figure/run2322-24Mg-pad1vstof.pdf used on input line 5
0.
(pdftex.def)             Requested size: 345.0pt x 233.051pt.

<Figure/run2322-24Mg-pad1vsX1posO.pdf, id=111, 569.12625pt x 384.43625pt>
File: Figure/run2322-24Mg-pad1vsX1posO.pdf Graphic file (type pdf)

<use Figure/run2322-24Mg-pad1vsX1posO.pdf>
Package pdftex.def Info: Figure/run2322-24Mg-pad1vsX1posO.pdf used on input lin
e 56.
(pdftex.def)             Requested size: 345.0pt x 233.051pt.

Underfull \hbox (badness 10000) in paragraph at lines 72--73

 []

[5] [6 <./Figure/run2322-24Mg-pad1vstof.pdf, page is rotated 90 degrees> <./Fig
ure/run2322-24Mg-pad1vsX1posO.pdf, page is rotated 90 degrees>]
<Figure/run2227-24Mg-lineshape-X1Y1-notcorr.pdf, id=207, 569.12625pt x 361.35pt
>
File: Figure/run2227-24Mg-lineshape-X1Y1-notcorr.pdf Graphic file (type pdf)
 <use Figure/run2227-24Mg-lineshape-X1Y1-notcorr.pdf>
Package pdftex.def Info: Figure/run2227-24Mg-lineshape-X1Y1-notcorr.pdf used on
 input line 99.
(pdftex.def)             Requested size: 345.0pt x 219.05577pt.

<Figure/run2227-24Mg-lineshape-X1Y1-fit.pdf, id=208, 569.12625pt x 361.35pt>
File: Figure/run2227-24Mg-lineshape-X1Y1-fit.pdf Graphic file (type pdf)

<use Figure/run2227-24Mg-lineshape-X1Y1-fit.pdf>
Package pdftex.def Info: Figure/run2227-24Mg-lineshape-X1Y1-fit.pdf used on inp
ut line 105.
(pdftex.def)             Requested size: 345.0pt x 219.05577pt.

<Figure/run2227-24Mg-lineshape-X1TOF-notcorr.pdf, id=209, 569.12625pt x 361.35p
t>
File: Figure/run2227-24Mg-lineshape-X1TOF-notcorr.pdf Graphic file (type pdf)
 <use Figure/run2227-24Mg-lineshape-X1TOF-notcorr.pdf>
Package pdftex.def Info: Figure/run2227-24Mg-lineshape-X1TOF-notcorr.pdf used o
n input line 111.
(pdftex.def)             Requested size: 345.0pt x 219.05577pt.

<Figure/run2227-24Mg-lineshape-X1TOF-notcorr-zoom.pdf, id=210, 569.12625pt x 36
1.35pt>
File: Figure/run2227-24Mg-lineshape-X1TOF-notcorr-zoom.pdf Graphic file (type p
df)
 <use Figure/run2227-24Mg-lineshape-X1TOF-notcorr-zoom.pdf>
Package pdftex.def Info: Figure/run2227-24Mg-lineshape-X1TOF-notcorr-zoom.pdf u
sed on input line 117.
(pdftex.def)             Requested size: 345.0pt x 219.05577pt.

<Figure/run2227-24Mg-lineshape-X1TOF-fit.pdf, id=211, 569.12625pt x 361.35pt>
File: Figure/run2227-24Mg-lineshape-X1TOF-fit.pdf Graphic file (type pdf)

<use Figure/run2227-24Mg-lineshape-X1TOF-fit.pdf>
Package pdftex.def Info: Figure/run2227-24Mg-lineshape-X1TOF-fit.pdf used on in
put line 123.
(pdftex.def)             Requested size: 345.0pt x 219.05577pt.

<Figure/run2227-24Mg-lineshape-X1TOF-corr.pdf, id=212, 569.12625pt x 361.35pt>
File: Figure/run2227-24Mg-lineshape-X1TOF-corr.pdf Graphic file (type pdf)

<use Figure/run2227-24Mg-lineshape-X1TOF-corr.pdf>
Package pdftex.def Info: Figure/run2227-24Mg-lineshape-X1TOF-corr.pdf used on i
nput line 129.
(pdftex.def)             Requested size: 345.0pt x 219.05577pt.
 [7] [8 <./Figure/run2227-24Mg-lineshape-X1Y1-notcorr.pdf, page is rotated 90 d
egrees> <./Figure/run2227-24Mg-lineshape-X1Y1-fit.pdf, page is rotated 90 degre
es>] [9 <./Figure/run2227-24Mg-lineshape-X1TOF-notcorr.pdf, page is rotated 90 
degrees> <./Figure/run2227-24Mg-lineshape-X1TOF-notcorr-zoom.pdf, page is rotat
ed 90 degrees>] [10 <./Figure/run2227-24Mg-lineshape-X1TOF-fit.pdf, page is rot
ated 90 degrees> <./Figure/run2227-24Mg-lineshape-X1TOF-corr.pdf, page is rotat
ed 90 degrees>]
Chapter 4.
<Figure/QBrho_24Mgcalib.pdf, id=486, 569.12625pt x 361.35pt>
File: Figure/QBrho_24Mgcalib.pdf Graphic file (type pdf)

<use Figure/QBrho_24Mgcalib.pdf>
Package pdftex.def Info: Figure/QBrho_24Mgcalib.pdf used on input line 144.
(pdftex.def)             Requested size: 345.0pt x 219.05577pt.

<Figure/run02464_rigidity3.pdf, id=487, 569.12625pt x 329.23pt>
File: Figure/run02464_rigidity3.pdf Graphic file (type pdf)

<use Figure/run02464_rigidity3.pdf>
Package pdftex.def Info: Figure/run02464_rigidity3.pdf used on input line 152.
(pdftex.def)             Requested size: 345.0pt x 199.58414pt.

<Figure/run02464_Ex_allgates.pdf, id=488, 569.12625pt x 329.23pt>
File: Figure/run02464_Ex_allgates.pdf Graphic file (type pdf)

<use Figure/run02464_Ex_allgates.pdf>
Package pdftex.def Info: Figure/run02464_Ex_allgates.pdf used on input line 162
.
(pdftex.def)             Requested size: 345.0pt x 199.58414pt.
 [11

] [12 <./Figure/QBrho_24Mgcalib.pdf, page is rotated 90 degrees> <./Figure/run0
2464_rigidity3.pdf, page is rotated 90 degrees>]
Underfull \hbox (badness 10000) in paragraph at lines 173--174

 []

[13 <./Figure/run02464_Ex_allgates.pdf, page is rotated 90 degrees>]
<Figure/scattering.pdf, id=629, 506.89375pt x 202.7575pt>
File: Figure/scattering.pdf Graphic file (type pdf)

<use Figure/scattering.pdf>
Package pdftex.def Info: Figure/scattering.pdf used on input line 186.
(pdftex.def)             Requested size: 345.0pt x 138.0032pt.
 [14 <./Figure/scattering.pdf>]
Overfull \hbox (4.61879pt too wide) detected at line 237
\OML/cmm/m/it/10 E[] \OT1/cmr/m/n/10 = \OML/cmm/m/it/10 T[] \OMS/cmsy/m/n/10 ^^
@ [] \OT1/cmr/m/n/10 + \OML/cmm/m/it/10 m[]c[] \OMS/cmsy/m/n/10 ^^@ [] \OT1/cmr
/m/n/10 + \OML/cmm/m/it/10 m[]c[] \OT1/cmr/m/n/10 + \OML/cmm/m/it/10 Q
 []


Underfull \hbox (badness 10000) in paragraph at lines 242--244

 []

[15] <Figure/bkg/Chained_24Mg_Y1vsEx_2.pdf, id=664, 569.12625pt x 361.35pt>
File: Figure/bkg/Chained_24Mg_Y1vsEx_2.pdf Graphic file (type pdf)

<use Figure/bkg/Chained_24Mg_Y1vsEx_2.pdf>
Package pdftex.def Info: Figure/bkg/Chained_24Mg_Y1vsEx_2.pdf used on input lin
e 260.
(pdftex.def)             Requested size: 345.0pt x 219.05577pt.

<Figure/bkg/Chained_24Mg_Y1_projection.pdf, id=665, 569.12625pt x 361.35pt>
File: Figure/bkg/Chained_24Mg_Y1_projection.pdf Graphic file (type pdf)

<use Figure/bkg/Chained_24Mg_Y1_projection.pdf>
Package pdftex.def Info: Figure/bkg/Chained_24Mg_Y1_projection.pdf used on inpu
t line 266.
(pdftex.def)             Requested size: 345.0pt x 219.05577pt.

<Figure/bkg/Chained_24Mg_Y1vsEx.pdf, id=666, 569.12625pt x 361.35pt>
File: Figure/bkg/Chained_24Mg_Y1vsEx.pdf Graphic file (type pdf)

<use Figure/bkg/Chained_24Mg_Y1vsEx.pdf>
Package pdftex.def Info: Figure/bkg/Chained_24Mg_Y1vsEx.pdf used on input line 
272.
(pdftex.def)             Requested size: 345.0pt x 219.05577pt.

<Figure/bkg/Chained_24Mg_bkg_projection_35_25.pdf, id=667, 569.12625pt x 361.35
pt>
File: Figure/bkg/Chained_24Mg_bkg_projection_35_25.pdf Graphic file (type pdf)
 <use Figure/bkg/Chained_24Mg_bkg_projection_35_25.pdf>
Package pdftex.def Info: Figure/bkg/Chained_24Mg_bkg_projection_35_25.pdf used 
on input line 278.
(pdftex.def)             Requested size: 345.0pt x 219.05577pt.

<Figure/bkg/Chained_24Mg_Ex__withandwithout_bkg.pdf, id=668, 569.12625pt x 384.
43625pt>
File: Figure/bkg/Chained_24Mg_Ex__withandwithout_bkg.pdf Graphic file (type pdf
)
 <use Figure/bkg/Chained_24Mg_Ex__withandwithout_bkg.pdf>
Package pdftex.def Info: Figure/bkg/Chained_24Mg_Ex__withandwithout_bkg.pdf use
d on input line 284.
(pdftex.def)             Requested size: 345.0pt x 233.051pt.
 [16 <./Figure/bkg/Chained_24Mg_Y1vsEx_2.pdf, page is rotated 90 degrees>] [17 
<./Figure/bkg/Chained_24Mg_Y1_projection.pdf, page is rotated 90 degrees> <./Fi
gure/bkg/Chained_24Mg_Y1vsEx.pdf, page is rotated 90 degrees>] [18 <./Figure/bk
g/Chained_24Mg_bkg_projection_35_25.pdf, page is rotated 90 degrees> <./Figure/
bkg/Chained_24Mg_Ex__withandwithout_bkg.pdf, page is rotated 90 degrees>]
Chapter 5.
[19

] (./Analysis_report.aux) ) 
Here is how much of TeX's memory you used:
 3174 strings out of 493029
 48273 string characters out of 6136234
 117228 words of memory out of 5000000
 6658 multiletter control sequences out of 15000+600000
 11087 words of font info for 40 fonts, out of 8000000 for 9000
 1141 hyphenation exceptions out of 8191
 37i,8n,23p,827b,298s stack positions out of 5000i,500n,10000p,200000b,80000s
</usr/share/texlive/texmf-dist/fonts/type1/public/am
sfonts/cm/cmbx10.pfb></usr/share/texlive/texmf-dist/fonts/type1/public/amsfonts
/cm/cmbx12.pfb></usr/share/texlive/texmf-dist/fonts/type1/public/amsfonts/cm/cm
bx7.pfb></usr/share/texlive/texmf-dist/fonts/type1/public/amsfonts/cm/cmex10.pf
b></usr/share/texlive/texmf-dist/fonts/type1/public/amsfonts/cm/cmmi10.pfb></us
r/share/texlive/texmf-dist/fonts/type1/public/amsfonts/cm/cmmi7.pfb></usr/share
/texlive/texmf-dist/fonts/type1/public/amsfonts/cm/cmr10.pfb></usr/share/texliv
e/texmf-dist/fonts/type1/public/amsfonts/cm/cmr12.pfb></usr/share/texlive/texmf
-dist/fonts/type1/public/amsfonts/cm/cmr17.pfb></usr/share/texlive/texmf-dist/f
onts/type1/public/amsfonts/cm/cmr7.pfb></usr/share/texlive/texmf-dist/fonts/typ
e1/public/amsfonts/cm/cmsy10.pfb>
Output written on Analysis_report.pdf (20 pages, 5197886 bytes).
PDF statistics:
 935 PDF objects out of 1000 (max. 8388607)
 422 compressed objects within 5 object streams
 0 named destinations out of 1000 (max. 500000)
 96 words of extra memory for PDF output out of 10000 (max. 10000000)

